  [1m[36m (83.4ms)[0m  [1mCREATE TABLE "schema_migrations" ("version" character varying NOT NULL) [0m
  [1m[35m (73.6ms)[0m  CREATE UNIQUE INDEX  "unique_schema_migrations" ON "schema_migrations"  ("version")
  [1m[36mActiveRecord::SchemaMigration Load (1.1ms)[0m  [1mSELECT "schema_migrations".* FROM "schema_migrations"[0m
Migrating to CreateActiveAdminComments (20150214113301)
  [1m[35m (0.4ms)[0m  BEGIN
DEPRECATION WARNING: `#timestamp` was called without specifying an option for `null`. In Rails 5, this behavior will change to `null: false`. You should manually specify `null: true` to prevent the behavior of your existing migrations from changing. (called from block in up at /projects/rails-pack/development/rails-pack/db/migrate/20150214113301_create_active_admin_comments.rb:9)
  [1m[36m (115.0ms)[0m  [1mCREATE TABLE "active_admin_comments" ("id" serial primary key, "namespace" character varying, "body" text, "resource_id" character varying NOT NULL, "resource_type" character varying NOT NULL, "author_id" integer, "author_type" character varying, "created_at" timestamp, "updated_at" timestamp) [0m
  [1m[35m (53.6ms)[0m  CREATE  INDEX  "index_active_admin_comments_on_namespace" ON "active_admin_comments"  ("namespace")
  [1m[36m (53.1ms)[0m  [1mCREATE  INDEX  "index_active_admin_comments_on_author_type_and_author_id" ON "active_admin_comments"  ("author_type", "author_id")[0m
  [1m[35m (52.6ms)[0m  CREATE  INDEX  "index_active_admin_comments_on_resource_type_and_resource_id" ON "active_admin_comments"  ("resource_type", "resource_id")
  [1m[36mSQL (0.8ms)[0m  [1mINSERT INTO "schema_migrations" ("version") VALUES ($1)[0m  [["version", "20150214113301"]]
  [1m[35m (18.9ms)[0m  COMMIT
Migrating to DeviseCreateUsers (20150214113926)
  [1m[36m (0.5ms)[0m  [1mBEGIN[0m
DEPRECATION WARNING: `#timestamp` was called without specifying an option for `null`. In Rails 5, this behavior will change to `null: false`. You should manually specify `null: true` to prevent the behavior of your existing migrations from changing. (called from block in change at /projects/rails-pack/development/rails-pack/db/migrate/20150214113926_devise_create_users.rb:34)
  [1m[35m (124.3ms)[0m  CREATE TABLE "users" ("id" serial primary key, "email" character varying DEFAULT '' NOT NULL, "encrypted_password" character varying DEFAULT '' NOT NULL, "reset_password_token" character varying, "reset_password_sent_at" timestamp, "remember_created_at" timestamp, "sign_in_count" integer DEFAULT 0 NOT NULL, "current_sign_in_at" timestamp, "last_sign_in_at" timestamp, "current_sign_in_ip" inet, "last_sign_in_ip" inet, "created_at" timestamp, "updated_at" timestamp) 
  [1m[36m (41.0ms)[0m  [1mCREATE UNIQUE INDEX  "index_users_on_email" ON "users"  ("email")[0m
  [1m[35m (42.9ms)[0m  CREATE UNIQUE INDEX  "index_users_on_reset_password_token" ON "users"  ("reset_password_token")
  [1m[36mSQL (0.5ms)[0m  [1mINSERT INTO "schema_migrations" ("version") VALUES ($1)[0m  [["version", "20150214113926"]]
  [1m[35m (19.6ms)[0m  COMMIT
  [1m[36mActiveRecord::SchemaMigration Load (0.7ms)[0m  [1mSELECT "schema_migrations".* FROM "schema_migrations"[0m
  [1m[35m (5.1ms)[0m  SELECT t2.oid::regclass::text AS to_table, a1.attname AS column, a2.attname AS primary_key, c.conname AS name, c.confupdtype AS on_update, c.confdeltype AS on_delete
FROM pg_constraint c
JOIN pg_class t1 ON c.conrelid = t1.oid
JOIN pg_class t2 ON c.confrelid = t2.oid
JOIN pg_attribute a1 ON a1.attnum = c.conkey[1] AND a1.attrelid = t1.oid
JOIN pg_attribute a2 ON a2.attnum = c.confkey[1] AND a2.attrelid = t2.oid
JOIN pg_namespace t3 ON c.connamespace = t3.oid
WHERE c.contype = 'f'
  AND t1.relname = 'active_admin_comments'
  AND t3.nspname = ANY (current_schemas(false))
ORDER BY c.conname

  [1m[36m (3.8ms)[0m  [1mSELECT t2.oid::regclass::text AS to_table, a1.attname AS column, a2.attname AS primary_key, c.conname AS name, c.confupdtype AS on_update, c.confdeltype AS on_delete
FROM pg_constraint c
JOIN pg_class t1 ON c.conrelid = t1.oid
JOIN pg_class t2 ON c.confrelid = t2.oid
JOIN pg_attribute a1 ON a1.attnum = c.conkey[1] AND a1.attrelid = t1.oid
JOIN pg_attribute a2 ON a2.attnum = c.confkey[1] AND a2.attrelid = t2.oid
JOIN pg_namespace t3 ON c.connamespace = t3.oid
WHERE c.contype = 'f'
  AND t1.relname = 'users'
  AND t3.nspname = ANY (current_schemas(false))
ORDER BY c.conname
[0m


Started GET "/" for 127.0.0.1 at 2015-02-14 17:50:30 +0600
  [1m[36mActiveRecord::SchemaMigration Load (1.4ms)[0m  [1mSELECT "schema_migrations".* FROM "schema_migrations"[0m
Processing by Rails::WelcomeController#index as HTML
  Rendered /home/salayhin/.rvm/gems/ruby-2.1.5@rails-pack/gems/railties-4.2.0/lib/rails/templates/rails/welcome/index.html.erb (5.1ms)
Completed 200 OK in 39ms (Views: 21.1ms | ActiveRecord: 0.0ms)


Started GET "/admin" for 127.0.0.1 at 2015-02-14 17:50:34 +0600
Processing by Admin::DashboardController#index as HTML
WARNING: The box-sizing mixin is deprecated and will be removed in the next major version release. This property can now be used un-prefixed.
         on line 410 of /home/salayhin/.rvm/gems/ruby-2.1.5@rails-pack/gems/bourbon-4.2.0/app/assets/stylesheets/_bourbon-deprecated-upcoming.scss, in `box-sizing'
         from line 81 of /home/salayhin/.rvm/gems/ruby-2.1.5@rails-pack/bundler/gems/activeadmin-ed1fbca8c64a/app/assets/stylesheets/active_admin/components/_popovers.scss
         from line 12 of /home/salayhin/.rvm/gems/ruby-2.1.5@rails-pack/bundler/gems/activeadmin-ed1fbca8c64a/app/assets/stylesheets/active_admin/_base.scss
         from line 12 of /projects/rails-pack/development/rails-pack/app/assets/stylesheets/active_admin.css.scss


WARNING: The box-sizing mixin is deprecated and will be removed in the next major version release. This property can now be used un-prefixed.
         on line 410 of /home/salayhin/.rvm/gems/ruby-2.1.5@rails-pack/gems/bourbon-4.2.0/app/assets/stylesheets/_bourbon-deprecated-upcoming.scss, in `box-sizing'
         from line 85 of /home/salayhin/.rvm/gems/ruby-2.1.5@rails-pack/bundler/gems/activeadmin-ed1fbca8c64a/app/assets/stylesheets/active_admin/components/_popovers.scss
         from line 12 of /home/salayhin/.rvm/gems/ruby-2.1.5@rails-pack/bundler/gems/activeadmin-ed1fbca8c64a/app/assets/stylesheets/active_admin/_base.scss
         from line 12 of /projects/rails-pack/development/rails-pack/app/assets/stylesheets/active_admin.css.scss


WARNING: The box-sizing mixin is deprecated and will be removed in the next major version release. This property can now be used un-prefixed.
         on line 410 of /home/salayhin/.rvm/gems/ruby-2.1.5@rails-pack/gems/bourbon-4.2.0/app/assets/stylesheets/_bourbon-deprecated-upcoming.scss, in `box-sizing'
         from line 109 of /home/salayhin/.rvm/gems/ruby-2.1.5@rails-pack/bundler/gems/activeadmin-ed1fbca8c64a/app/assets/stylesheets/active_admin/components/_dropdown_menu.scss
         from line 18 of /home/salayhin/.rvm/gems/ruby-2.1.5@rails-pack/bundler/gems/activeadmin-ed1fbca8c64a/app/assets/stylesheets/active_admin/_base.scss
         from line 12 of /projects/rails-pack/development/rails-pack/app/assets/stylesheets/active_admin.css.scss


WARNING: The box-sizing mixin is deprecated and will be removed in the next major version release. This property can now be used un-prefixed.
         on line 410 of /home/salayhin/.rvm/gems/ruby-2.1.5@rails-pack/gems/bourbon-4.2.0/app/assets/stylesheets/_bourbon-deprecated-upcoming.scss, in `box-sizing'
         from line 113 of /home/salayhin/.rvm/gems/ruby-2.1.5@rails-pack/bundler/gems/activeadmin-ed1fbca8c64a/app/assets/stylesheets/active_admin/components/_dropdown_menu.scss
         from line 18 of /home/salayhin/.rvm/gems/ruby-2.1.5@rails-pack/bundler/gems/activeadmin-ed1fbca8c64a/app/assets/stylesheets/active_admin/_base.scss
         from line 12 of /projects/rails-pack/development/rails-pack/app/assets/stylesheets/active_admin.css.scss


WARNING: The box-sizing mixin is deprecated and will be removed in the next major version release. This property can now be used un-prefixed.
         on line 410 of /home/salayhin/.rvm/gems/ruby-2.1.5@rails-pack/gems/bourbon-4.2.0/app/assets/stylesheets/_bourbon-deprecated-upcoming.scss, in `box-sizing'
         from line 4 of /home/salayhin/.rvm/gems/ruby-2.1.5@rails-pack/bundler/gems/activeadmin-ed1fbca8c64a/app/assets/stylesheets/active_admin/structure/_title_bar.scss
         from line 34 of /home/salayhin/.rvm/gems/ruby-2.1.5@rails-pack/bundler/gems/activeadmin-ed1fbca8c64a/app/assets/stylesheets/active_admin/_base.scss
         from line 12 of /projects/rails-pack/development/rails-pack/app/assets/stylesheets/active_admin.css.scss


  Rendered /home/salayhin/.rvm/gems/ruby-2.1.5@rails-pack/bundler/gems/activeadmin-ed1fbca8c64a/app/views/active_admin/page/index.html.arb (65750.2ms)
Completed 200 OK in 65782ms (Views: 65764.0ms | ActiveRecord: 0.0ms)


Started GET "/admin" for 127.0.0.1 at 2015-02-14 17:51:40 +0600
Processing by Admin::DashboardController#index as HTML
  Rendered /home/salayhin/.rvm/gems/ruby-2.1.5@rails-pack/bundler/gems/activeadmin-ed1fbca8c64a/app/views/active_admin/page/index.html.arb (3289.4ms)
Completed 200 OK in 3316ms (Views: 3304.3ms | ActiveRecord: 0.0ms)


Started GET "/assets/active_admin-3644e3809d81d553d4be874e540e16c9.css?body=1" for 127.0.0.1 at 2015-02-14 17:51:45 +0600


Started GET "/assets/jquery-ui/datepicker-28441b2cd45f0545c8a439f40b98d784.js?body=1" for 127.0.0.1 at 2015-02-14 17:51:46 +0600


Started GET "/assets/jquery-ui/core-f6c29219d44f4267c6c5f748cb73851a.js?body=1" for 127.0.0.1 at 2015-02-14 17:51:47 +0600


Started GET "/assets/jquery-ui/widget-406fc24d615dd4370e049e85fb5f549d.js?body=1" for 127.0.0.1 at 2015-02-14 17:51:47 +0600


Started GET "/assets/jquery-87424c3c19e96d4fb033c10ebe21ec40.js?body=1" for 127.0.0.1 at 2015-02-14 17:51:47 +0600


Started GET "/assets/active_admin/print-b9cd919dd970c169667dfbe2dc12f182.css?body=1" for 127.0.0.1 at 2015-02-14 17:51:47 +0600


Started GET "/assets/jquery-ui/button-a8037a4250da171316b7e7521b0d9d0b.js?body=1" for 127.0.0.1 at 2015-02-14 17:51:47 +0600


Started GET "/assets/jquery-ui/mouse-504ef967eca0eb03967e3c9751c36d17.js?body=1" for 127.0.0.1 at 2015-02-14 17:51:47 +0600


Started GET "/assets/jquery-ui/draggable-d158b51e489137b213fd1eaa96a9b92a.js?body=1" for 127.0.0.1 at 2015-02-14 17:51:47 +0600


Started GET "/assets/jquery-ui/position-65ef6bd55aa64766623cc74b5d7d353d.js?body=1" for 127.0.0.1 at 2015-02-14 17:51:47 +0600


Started GET "/assets/jquery-ui/resizable-aa565fd6aa9f42700d8c54b318c0c1c8.js?body=1" for 127.0.0.1 at 2015-02-14 17:51:47 +0600


Started GET "/assets/jquery-ui/dialog-ee62065c80cb02fe6e91bf5811c59c91.js?body=1" for 127.0.0.1 at 2015-02-14 17:51:48 +0600


Started GET "/assets/jquery-ui/sortable-fe96bfa9ff14377c0dc83b42d0f191e4.js?body=1" for 127.0.0.1 at 2015-02-14 17:51:48 +0600


Started GET "/assets/jquery-ui/tabs-7d723642f0cea4ad8b4be12b7af40214.js?body=1" for 127.0.0.1 at 2015-02-14 17:51:48 +0600


Started GET "/assets/jquery_ujs-e27bd20a10d28155845a22d71ef94f2f.js?body=1" for 127.0.0.1 at 2015-02-14 17:51:48 +0600


Started GET "/assets/active_admin/base-bdb136c7cb2e5ca937f81c1985f993f8.js?body=1" for 127.0.0.1 at 2015-02-14 17:51:48 +0600


Started GET "/assets/active_admin/lib/batch_actions-5706928449a7d192adcb4c959b623cf6.js?body=1" for 127.0.0.1 at 2015-02-14 17:51:49 +0600


Started GET "/assets/active_admin/lib/checkbox-toggler-e101fcd748be7b659c342618c967bec0.js?body=1" for 127.0.0.1 at 2015-02-14 17:51:49 +0600


Started GET "/assets/active_admin/lib/dropdown-menu-5c7ee38db3330dba0c7ab190577728d6.js?body=1" for 127.0.0.1 at 2015-02-14 17:51:49 +0600


Started GET "/assets/active_admin/lib/flash-7f7d9ed55f6724b5d4c41c7d53387773.js?body=1" for 127.0.0.1 at 2015-02-14 17:51:49 +0600


Started GET "/assets/active_admin/lib/has_many-64f8975fc252419139c3a62d16c53777.js?body=1" for 127.0.0.1 at 2015-02-14 17:51:49 +0600


Started GET "/assets/active_admin/lib/modal_dialog-12db006ecb02636e19a82dface73db61.js?body=1" for 127.0.0.1 at 2015-02-14 17:51:49 +0600


Started GET "/assets/active_admin/lib/per_page-ca6b9e237c3ba409b1149147078e1dac.js?body=1" for 127.0.0.1 at 2015-02-14 17:51:49 +0600


Started GET "/assets/active_admin/lib/popover-83908662136796b9e3c53e3bdd595920.js?body=1" for 127.0.0.1 at 2015-02-14 17:51:49 +0600


Started GET "/assets/active_admin/lib/table-checkbox-toggler-d4bd7955f64c6387c60e1f37e92ed494.js?body=1" for 127.0.0.1 at 2015-02-14 17:51:49 +0600


Started GET "/assets/active_admin/ext/jquery-ui-5963f9f0bd7887f07217b87c96e27f88.js?body=1" for 127.0.0.1 at 2015-02-14 17:51:50 +0600


Started GET "/assets/active_admin/ext/jquery-9a6bf862a22ac982663a56a1687e1f6c.js?body=1" for 127.0.0.1 at 2015-02-14 17:51:50 +0600


Started GET "/assets/active_admin/application-54a30cf93b6bed39ffa54b4c19b1aa7a.js?body=1" for 127.0.0.1 at 2015-02-14 17:51:50 +0600


Started GET "/assets/active_admin-1f9a19702aadbe179b2486759282af36.js?body=1" for 127.0.0.1 at 2015-02-14 17:51:50 +0600


Started GET "/admin/users" for 127.0.0.1 at 2015-02-14 17:52:23 +0600
Processing by Admin::UsersController#index as HTML
  [1m[35m (2.8ms)[0m  SELECT COUNT(count_column) FROM (SELECT  1 AS count_column FROM "users" LIMIT 30 OFFSET 0) subquery_for_count
  Rendered /home/salayhin/.rvm/gems/ruby-2.1.5@rails-pack/bundler/gems/activeadmin-ed1fbca8c64a/app/views/active_admin/resource/index.html.arb (5117.1ms)
Completed 200 OK in 5183ms (Views: 5134.4ms | ActiveRecord: 10.4ms)


Started GET "/assets/active_admin/datepicker/datepicker-input-icon-2cdd5b392c8f6a4cd47ee723b2cc9cb6.png" for 127.0.0.1 at 2015-02-14 17:52:30 +0600


Started GET "/users/sign_out" for 127.0.0.1 at 2015-02-14 17:57:02 +0600
  [1m[36mActiveRecord::SchemaMigration Load (1.4ms)[0m  [1mSELECT "schema_migrations".* FROM "schema_migrations"[0m

ActionController::RoutingError (No route matches [GET] "/users/sign_out"):
  web-console (2.0.0) lib/action_dispatch/debug_exceptions.rb:22:in `middleware_call'
  web-console (2.0.0) lib/action_dispatch/debug_exceptions.rb:13:in `call'
  actionpack (4.2.0) lib/action_dispatch/middleware/show_exceptions.rb:30:in `call'
  railties (4.2.0) lib/rails/rack/logger.rb:38:in `call_app'
  railties (4.2.0) lib/rails/rack/logger.rb:20:in `block in call'
  activesupport (4.2.0) lib/active_support/tagged_logging.rb:68:in `block in tagged'
  activesupport (4.2.0) lib/active_support/tagged_logging.rb:26:in `tagged'
  activesupport (4.2.0) lib/active_support/tagged_logging.rb:68:in `tagged'
  railties (4.2.0) lib/rails/rack/logger.rb:20:in `call'
  actionpack (4.2.0) lib/action_dispatch/middleware/request_id.rb:21:in `call'
  rack (1.6.0) lib/rack/methodoverride.rb:22:in `call'
  rack (1.6.0) lib/rack/runtime.rb:18:in `call'
  activesupport (4.2.0) lib/active_support/cache/strategy/local_cache_middleware.rb:28:in `call'
  rack (1.6.0) lib/rack/lock.rb:17:in `call'
  actionpack (4.2.0) lib/action_dispatch/middleware/static.rb:113:in `call'
  rack (1.6.0) lib/rack/sendfile.rb:113:in `call'
  railties (4.2.0) lib/rails/engine.rb:518:in `call'
  railties (4.2.0) lib/rails/application.rb:164:in `call'
  rack (1.6.0) lib/rack/lock.rb:17:in `call'
  rack (1.6.0) lib/rack/content_length.rb:15:in `call'
  rack (1.6.0) lib/rack/handler/webrick.rb:89:in `service'
  /home/salayhin/.rvm/rubies/ruby-2.1.5/lib/ruby/2.1.0/webrick/httpserver.rb:138:in `service'
  /home/salayhin/.rvm/rubies/ruby-2.1.5/lib/ruby/2.1.0/webrick/httpserver.rb:94:in `run'
  /home/salayhin/.rvm/rubies/ruby-2.1.5/lib/ruby/2.1.0/webrick/server.rb:295:in `block in start_thread'


  Rendered /home/salayhin/.rvm/gems/ruby-2.1.5@rails-pack/gems/web-console-2.0.0/lib/action_dispatch/templates/rescues/_trace.html.erb (16.2ms)
  Rendered /home/salayhin/.rvm/gems/ruby-2.1.5@rails-pack/gems/web-console-2.0.0/lib/action_dispatch/templates/routes/_route.html.erb (33.8ms)
  Rendered /home/salayhin/.rvm/gems/ruby-2.1.5@rails-pack/gems/web-console-2.0.0/lib/action_dispatch/templates/routes/_table.html.erb (9.9ms)
  Rendered /home/salayhin/.rvm/gems/ruby-2.1.5@rails-pack/gems/web-console-2.0.0/lib/action_dispatch/templates/rescues/_request_and_response.html.erb (23.7ms)
  Rendered /home/salayhin/.rvm/gems/ruby-2.1.5@rails-pack/gems/web-console-2.0.0/lib/action_dispatch/templates/rescues/_web_console.html.erb (6.6ms)
  Rendered /home/salayhin/.rvm/gems/ruby-2.1.5@rails-pack/gems/web-console-2.0.0/lib/action_dispatch/templates/rescues/routing_error.html.erb within rescues/layout (330.1ms)


Started GET "/users/sign_out" for 127.0.0.1 at 2015-02-14 17:57:17 +0600

ActionController::RoutingError (No route matches [GET] "/users/sign_out"):
  web-console (2.0.0) lib/action_dispatch/debug_exceptions.rb:22:in `middleware_call'
  web-console (2.0.0) lib/action_dispatch/debug_exceptions.rb:13:in `call'
  actionpack (4.2.0) lib/action_dispatch/middleware/show_exceptions.rb:30:in `call'
  railties (4.2.0) lib/rails/rack/logger.rb:38:in `call_app'
  railties (4.2.0) lib/rails/rack/logger.rb:20:in `block in call'
  activesupport (4.2.0) lib/active_support/tagged_logging.rb:68:in `block in tagged'
  activesupport (4.2.0) lib/active_support/tagged_logging.rb:26:in `tagged'
  activesupport (4.2.0) lib/active_support/tagged_logging.rb:68:in `tagged'
  railties (4.2.0) lib/rails/rack/logger.rb:20:in `call'
  actionpack (4.2.0) lib/action_dispatch/middleware/request_id.rb:21:in `call'
  rack (1.6.0) lib/rack/methodoverride.rb:22:in `call'
  rack (1.6.0) lib/rack/runtime.rb:18:in `call'
  activesupport (4.2.0) lib/active_support/cache/strategy/local_cache_middleware.rb:28:in `call'
  rack (1.6.0) lib/rack/lock.rb:17:in `call'
  actionpack (4.2.0) lib/action_dispatch/middleware/static.rb:113:in `call'
  rack (1.6.0) lib/rack/sendfile.rb:113:in `call'
  railties (4.2.0) lib/rails/engine.rb:518:in `call'
  railties (4.2.0) lib/rails/application.rb:164:in `call'
  rack (1.6.0) lib/rack/lock.rb:17:in `call'
  rack (1.6.0) lib/rack/content_length.rb:15:in `call'
  rack (1.6.0) lib/rack/handler/webrick.rb:89:in `service'
  /home/salayhin/.rvm/rubies/ruby-2.1.5/lib/ruby/2.1.0/webrick/httpserver.rb:138:in `service'
  /home/salayhin/.rvm/rubies/ruby-2.1.5/lib/ruby/2.1.0/webrick/httpserver.rb:94:in `run'
  /home/salayhin/.rvm/rubies/ruby-2.1.5/lib/ruby/2.1.0/webrick/server.rb:295:in `block in start_thread'


  Rendered /home/salayhin/.rvm/gems/ruby-2.1.5@rails-pack/gems/web-console-2.0.0/lib/action_dispatch/templates/rescues/_trace.html.erb (18.6ms)
  Rendered /home/salayhin/.rvm/gems/ruby-2.1.5@rails-pack/gems/web-console-2.0.0/lib/action_dispatch/templates/routes/_route.html.erb (31.6ms)
  Rendered /home/salayhin/.rvm/gems/ruby-2.1.5@rails-pack/gems/web-console-2.0.0/lib/action_dispatch/templates/routes/_table.html.erb (16.6ms)
  Rendered /home/salayhin/.rvm/gems/ruby-2.1.5@rails-pack/gems/web-console-2.0.0/lib/action_dispatch/templates/rescues/_request_and_response.html.erb (22.4ms)
  Rendered /home/salayhin/.rvm/gems/ruby-2.1.5@rails-pack/gems/web-console-2.0.0/lib/action_dispatch/templates/rescues/_web_console.html.erb (3.4ms)
  Rendered /home/salayhin/.rvm/gems/ruby-2.1.5@rails-pack/gems/web-console-2.0.0/lib/action_dispatch/templates/rescues/routing_error.html.erb within rescues/layout (313.4ms)
  [1m[36mActiveRecord::SchemaMigration Load (1.5ms)[0m  [1mSELECT "schema_migrations".* FROM "schema_migrations"[0m
Migrating to RolifyCreateRoles (20150214120234)
  [1m[35m (0.3ms)[0m  BEGIN
DEPRECATION WARNING: `#timestamp` was called without specifying an option for `null`. In Rails 5, this behavior will change to `null: false`. You should manually specify `null: true` to prevent the behavior of your existing migrations from changing. (called from block in change at /projects/rails-pack/development/rails-pack/db/migrate/20150214120234_rolify_create_roles.rb:7)
  [1m[36m (104.1ms)[0m  [1mCREATE TABLE "roles" ("id" serial primary key, "name" character varying, "resource_id" integer, "resource_type" character varying, "created_at" timestamp, "updated_at" timestamp) [0m
  [1m[35m (1.0ms)[0m  CREATE TABLE "users_roles" ("user_id" integer, "role_id" integer) 
  [1m[36m (40.5ms)[0m  [1mCREATE  INDEX  "index_roles_on_name" ON "roles"  ("name")[0m
  [1m[35m (42.7ms)[0m  CREATE  INDEX  "index_roles_on_name_and_resource_type_and_resource_id" ON "roles"  ("name", "resource_type", "resource_id")
  [1m[36m (54.1ms)[0m  [1mCREATE  INDEX  "index_users_roles_on_user_id_and_role_id" ON "users_roles"  ("user_id", "role_id")[0m
  [1m[35mSQL (0.3ms)[0m  INSERT INTO "schema_migrations" ("version") VALUES ($1)  [["version", "20150214120234"]]
  [1m[36m (22.0ms)[0m  [1mCOMMIT[0m
  [1m[35mActiveRecord::SchemaMigration Load (0.2ms)[0m  SELECT "schema_migrations".* FROM "schema_migrations"
  [1m[36m (6.1ms)[0m  [1mSELECT t2.oid::regclass::text AS to_table, a1.attname AS column, a2.attname AS primary_key, c.conname AS name, c.confupdtype AS on_update, c.confdeltype AS on_delete
FROM pg_constraint c
JOIN pg_class t1 ON c.conrelid = t1.oid
JOIN pg_class t2 ON c.confrelid = t2.oid
JOIN pg_attribute a1 ON a1.attnum = c.conkey[1] AND a1.attrelid = t1.oid
JOIN pg_attribute a2 ON a2.attnum = c.confkey[1] AND a2.attrelid = t2.oid
JOIN pg_namespace t3 ON c.connamespace = t3.oid
WHERE c.contype = 'f'
  AND t1.relname = 'active_admin_comments'
  AND t3.nspname = ANY (current_schemas(false))
ORDER BY c.conname
[0m
  [1m[35m (2.9ms)[0m  SELECT t2.oid::regclass::text AS to_table, a1.attname AS column, a2.attname AS primary_key, c.conname AS name, c.confupdtype AS on_update, c.confdeltype AS on_delete
FROM pg_constraint c
JOIN pg_class t1 ON c.conrelid = t1.oid
JOIN pg_class t2 ON c.confrelid = t2.oid
JOIN pg_attribute a1 ON a1.attnum = c.conkey[1] AND a1.attrelid = t1.oid
JOIN pg_attribute a2 ON a2.attnum = c.confkey[1] AND a2.attrelid = t2.oid
JOIN pg_namespace t3 ON c.connamespace = t3.oid
WHERE c.contype = 'f'
  AND t1.relname = 'roles'
  AND t3.nspname = ANY (current_schemas(false))
ORDER BY c.conname

  [1m[36m (3.2ms)[0m  [1mSELECT t2.oid::regclass::text AS to_table, a1.attname AS column, a2.attname AS primary_key, c.conname AS name, c.confupdtype AS on_update, c.confdeltype AS on_delete
FROM pg_constraint c
JOIN pg_class t1 ON c.conrelid = t1.oid
JOIN pg_class t2 ON c.confrelid = t2.oid
JOIN pg_attribute a1 ON a1.attnum = c.conkey[1] AND a1.attrelid = t1.oid
JOIN pg_attribute a2 ON a2.attnum = c.confkey[1] AND a2.attrelid = t2.oid
JOIN pg_namespace t3 ON c.connamespace = t3.oid
WHERE c.contype = 'f'
  AND t1.relname = 'users'
  AND t3.nspname = ANY (current_schemas(false))
ORDER BY c.conname
[0m
  [1m[35m (7.6ms)[0m  SELECT t2.oid::regclass::text AS to_table, a1.attname AS column, a2.attname AS primary_key, c.conname AS name, c.confupdtype AS on_update, c.confdeltype AS on_delete
FROM pg_constraint c
JOIN pg_class t1 ON c.conrelid = t1.oid
JOIN pg_class t2 ON c.confrelid = t2.oid
JOIN pg_attribute a1 ON a1.attnum = c.conkey[1] AND a1.attrelid = t1.oid
JOIN pg_attribute a2 ON a2.attnum = c.confkey[1] AND a2.attrelid = t2.oid
JOIN pg_namespace t3 ON c.connamespace = t3.oid
WHERE c.contype = 'f'
  AND t1.relname = 'users_roles'
  AND t3.nspname = ANY (current_schemas(false))
ORDER BY c.conname

